# JRE version: OpenJDK Runtime Environment (11.0.10) (build 11.0.10+0-b96-7249189)
# Java VM: OpenJDK 64-Bit Server VM (11.0.10+0-b96-7249189, mixed mode, tiered, compressed oops, g1 gc, windows-amd64)
Heap:
 garbage-first heap   total 315392K, used 233026K [0x0000000080000000, 0x0000000100000000)
  region size 1024K, 56 young (57344K), 4 survivors (4096K)
 Metaspace       used 195040K, capacity 200639K, committed 200824K, reserved 1224704K
  class space    used 22908K, capacity 24845K, committed 24952K, reserved 1048576K
GC Heap History (20 events):
Event: 19446.719 GC heap before
{Heap before GC invocations=299 (full 1):
 garbage-first heap   total 315392K, used 232187K [0x0000000080000000, 0x0000000100000000)
  region size 1024K, 56 young (57344K), 2 survivors (2048K)
 Metaspace       used 194679K, capacity 200245K, committed 200568K, reserved 1224704K
  class space    used 22913K, capacity 24847K, committed 24952K, reserved 1048576K
}
Event: 19446.736 GC heap after
{Heap after GC invocations=300 (full 1):
 garbage-first heap   total 315392K, used 177767K [0x0000000080000000, 0x0000000100000000)
  region size 1024K, 6 young (6144K), 6 survivors (6144K)
 Metaspace       used 194679K, capacity 200245K, committed 200568K, reserved 1224704K
  class space    used 22913K, capacity 24847K, committed 24952K, reserved 1048576K
}
Event: 19447.262 GC heap before
{Heap before GC invocations=300 (full 1):
 garbage-first heap   total 315392K, used 186983K [0x0000000080000000, 0x0000000100000000)
  region size 1024K, 15 young (15360K), 6 survivors (6144K)
 Metaspace       used 194679K, capacity 200245K, committed 200568K, reserved 1224704K
  class space    used 22913K, capacity 24847K, committed 24952K, reserved 1048576K
}
Event: 19447.297 GC heap after
{Heap after GC invocations=301 (full 1):
 garbage-first heap   total 315392K, used 178754K [0x0000000080000000, 0x0000000100000000)
  region size 1024K, 2 young (2048K), 2 survivors (2048K)
 Metaspace       used 194679K, capacity 200245K, committed 200568K, reserved 1224704K
  class space    used 22913K, capacity 24847K, committed 24952K, reserved 1048576K
}
Event: 19447.857 GC heap before
{Heap before GC invocations=301 (full 1):
 garbage-first heap   total 315392K, used 205378K [0x0000000080000000, 0x0000000100000000)
  region size 1024K, 29 young (29696K), 2 survivors (2048K)
 Metaspace       used 194778K, capacity 200315K, committed 200568K, reserved 1224704K
  class space    used 22914K, capacity 24848K, committed 24952K, reserved 1048576K
}
Event: 19447.867 GC heap after
{Heap after GC invocations=302 (full 1):
 garbage-first heap   total 315392K, used 182191K [0x0000000080000000, 0x0000000100000000)
  region size 1024K, 6 young (6144K), 6 survivors (6144K)
 Metaspace       used 194778K, capacity 200315K, committed 200568K, reserved 1224704K
  class space    used 22914K, capacity 24848K, committed 24952K, reserved 1048576K
}
Event: 19448.107 GC heap before
{Heap before GC invocations=302 (full 1):
 garbage-first heap   total 315392K, used 238511K [0x0000000080000000, 0x0000000100000000)
  region size 1024K, 58 young (59392K), 6 survivors (6144K)
 Metaspace       used 194914K, capacity 200492K, committed 200568K, reserved 1224704K
  class space    used 22919K, capacity 24882K, committed 24952K, reserved 1048576K
}
Event: 19448.129 GC heap after
{Heap after GC invocations=303 (full 1):
 garbage-first heap   total 315392K, used 193480K [0x0000000080000000, 0x0000000100000000)
  region size 1024K, 8 young (8192K), 8 survivors (8192K)
 Metaspace       used 194914K, capacity 200492K, committed 200568K, reserved 1224704K
  class space    used 22919K, capacity 24882K, committed 24952K, reserved 1048576K
}
Event: 19448.911 GC heap before
{Heap before GC invocations=304 (full 1):
 garbage-first heap   total 315392K, used 243656K [0x0000000080000000, 0x0000000100000000)
  region size 1024K, 56 young (57344K), 8 survivors (8192K)
 Metaspace       used 194810K, capacity 200344K, committed 200568K, reserved 1224704K
  class space    used 22895K, capacity 24845K, committed 24952K, reserved 1048576K
}
Event: 19448.922 GC heap after
{Heap after GC invocations=305 (full 1):
 garbage-first heap   total 315392K, used 196937K [0x0000000080000000, 0x0000000100000000)
  region size 1024K, 6 young (6144K), 6 survivors (6144K)
 Metaspace       used 194810K, capacity 200344K, committed 200568K, reserved 1224704K
  class space    used 22895K, capacity 24845K, committed 24952K, reserved 1048576K
}
Event: 19448.939 GC heap before
{Heap before GC invocations=305 (full 1):
 garbage-first heap   total 315392K, used 205129K [0x0000000080000000, 0x0000000100000000)
  region size 1024K, 15 young (15360K), 6 survivors (6144K)
 Metaspace       used 194816K, capacity 200344K, committed 200568K, reserved 1224704K
  class space    used 22895K, capacity 24845K, committed 24952K, reserved 1048576K
}
Event: 19448.949 GC heap after
{Heap after GC invocations=306 (full 1):
 garbage-first heap   total 315392K, used 193046K [0x0000000080000000, 0x0000000100000000)
  region size 1024K, 2 young (2048K), 2 survivors (2048K)
 Metaspace       used 194816K, capacity 200344K, committed 200568K, reserved 1224704K
  class space    used 22895K, capacity 24845K, committed 24952K, reserved 1048576K
}
Event: 19449.073 GC heap before
{Heap before GC invocations=306 (full 1):
 garbage-first heap   total 315392K, used 211478K [0x0000000080000000, 0x0000000100000000)
  region size 1024K, 22 young (22528K), 2 survivors (2048K)
 Metaspace       used 194859K, capacity 200409K, committed 200568K, reserved 1224704K
  class space    used 22895K, capacity 24845K, committed 24952K, reserved 1048576K
}
Event: 19449.081 GC heap after
{Heap after GC invocations=307 (full 1):
 garbage-first heap   total 315392K, used 197142K [0x0000000080000000, 0x0000000100000000)
  region size 1024K, 6 young (6144K), 6 survivors (6144K)
 Metaspace       used 194859K, capacity 200409K, committed 200568K, reserved 1224704K
  class space    used 22895K, capacity 24845K, committed 24952K, reserved 1048576K
}
Event: 20562.809 GC heap before
{Heap before GC invocations=308 (full 1):
 garbage-first heap   total 315392K, used 273942K [0x0000000080000000, 0x0000000100000000)
  region size 1024K, 52 young (53248K), 6 survivors (6144K)
 Metaspace       used 195008K, capacity 200521K, committed 200824K, reserved 1224704K
  class space    used 22911K, capacity 24851K, committed 24952K, reserved 1048576K
}
Event: 20562.929 GC heap after
{Heap after GC invocations=309 (full 1):
 garbage-first heap   total 315392K, used 189098K [0x0000000080000000, 0x0000000100000000)
  region size 1024K, 1 young (1024K), 1 survivors (1024K)
 Metaspace       used 195008K, capacity 200521K, committed 200824K, reserved 1224704K
  class space    used 22911K, capacity 24851K, committed 24952K, reserved 1048576K
}
Event: 21193.405 GC heap before
{Heap before GC invocations=309 (full 1):
 garbage-first heap   total 315392K, used 203434K [0x0000000080000000, 0x0000000100000000)
  region size 1024K, 15 young (15360K), 1 survivors (1024K)
 Metaspace       used 195016K, capacity 200585K, committed 200824K, reserved 1224704K
  class space    used 22911K, capacity 24851K, committed 24952K, reserved 1048576K
}
Event: 21193.487 GC heap after
{Heap after GC invocations=310 (full 1):
 garbage-first heap   total 315392K, used 175841K [0x0000000080000000, 0x0000000100000000)
  region size 1024K, 2 young (2048K), 2 survivors (2048K)
 Metaspace       used 195016K, capacity 200585K, committed 200824K, reserved 1224704K
  class space    used 22911K, capacity 24851K, committed 24952K, reserved 1048576K
}
Event: 21195.349 GC heap before
{Heap before GC invocations=310 (full 1):
 garbage-first heap   total 315392K, used 203489K [0x0000000080000000, 0x0000000100000000)
  region size 1024K, 31 young (31744K), 2 survivors (2048K)
 Metaspace       used 195032K, capacity 200654K, committed 200824K, reserved 1224704K
  class space    used 22911K, capacity 24851K, committed 24952K, reserved 1048576K
}
Event: 21195.428 GC heap after
{Heap after GC invocations=311 (full 1):
 garbage-first heap   total 315392K, used 178754K [0x0000000080000000, 0x0000000100000000)
  region size 1024K, 4 young (4096K), 4 survivors (4096K)
 Metaspace       used 195032K, capacity 200654K, committed 200824K, reserved 1224704K
  class space    used 22911K, capacity 24851K, committed 24952K, reserved 1048576K
}

