# JRE version: OpenJDK Runtime Environment (11.0.10) (build 11.0.10+0-b96-7249189)
# Java VM: OpenJDK 64-Bit Server VM (11.0.10+0-b96-7249189, mixed mode, tiered, compressed oops, g1 gc, windows-amd64)
Heap:
 garbage-first heap   total 248832K, used 162509K [0x0000000080000000, 0x0000000100000000)
  region size 1024K, 24 young (24576K), 2 survivors (2048K)
 Metaspace       used 167193K, capacity 172855K, committed 175052K, reserved 1202176K
  class space    used 20116K, capacity 22212K, committed 22476K, reserved 1048576K
GC Heap History (20 events):
Event: 16901.549 GC heap before
{Heap before GC invocations=385 (full 0):
 garbage-first heap   total 248832K, used 189445K [0x0000000080000000, 0x0000000100000000)
  region size 1024K, 46 young (47104K), 5 survivors (5120K)
 Metaspace       used 166644K, capacity 172113K, committed 175052K, reserved 1202176K
  class space    used 20049K, capacity 22087K, committed 22476K, reserved 1048576K
}
Event: 16901.568 GC heap after
{Heap after GC invocations=386 (full 0):
 garbage-first heap   total 248832K, used 149561K [0x0000000080000000, 0x0000000100000000)
  region size 1024K, 5 young (5120K), 5 survivors (5120K)
 Metaspace       used 166644K, capacity 172113K, committed 175052K, reserved 1202176K
  class space    used 20049K, capacity 22087K, committed 22476K, reserved 1048576K
}
Event: 16905.587 GC heap before
{Heap before GC invocations=386 (full 0):
 garbage-first heap   total 248832K, used 156729K [0x0000000080000000, 0x0000000100000000)
  region size 1024K, 12 young (12288K), 5 survivors (5120K)
 Metaspace       used 166648K, capacity 172119K, committed 175052K, reserved 1202176K
  class space    used 20049K, capacity 22088K, committed 22476K, reserved 1048576K
}
Event: 16905.630 GC heap after
{Heap after GC invocations=387 (full 0):
 garbage-first heap   total 248832K, used 141097K [0x0000000080000000, 0x0000000100000000)
  region size 1024K, 1 young (1024K), 1 survivors (1024K)
 Metaspace       used 166648K, capacity 172119K, committed 175052K, reserved 1202176K
  class space    used 20049K, capacity 22088K, committed 22476K, reserved 1048576K
}
Event: 16906.096 GC heap before
{Heap before GC invocations=387 (full 0):
 garbage-first heap   total 248832K, used 169769K [0x0000000080000000, 0x0000000100000000)
  region size 1024K, 31 young (31744K), 1 survivors (1024K)
 Metaspace       used 166692K, capacity 172196K, committed 175052K, reserved 1202176K
  class space    used 20051K, capacity 22090K, committed 22476K, reserved 1048576K
}
Event: 16906.104 GC heap after
{Heap after GC invocations=388 (full 0):
 garbage-first heap   total 248832K, used 141637K [0x0000000080000000, 0x0000000100000000)
  region size 1024K, 2 young (2048K), 2 survivors (2048K)
 Metaspace       used 166692K, capacity 172196K, committed 175052K, reserved 1202176K
  class space    used 20051K, capacity 22090K, committed 22476K, reserved 1048576K
}
Event: 17498.941 GC heap before
{Heap before GC invocations=389 (full 0):
 garbage-first heap   total 248832K, used 207173K [0x0000000080000000, 0x0000000100000000)
  region size 1024K, 49 young (50176K), 2 survivors (2048K)
 Metaspace       used 166700K, capacity 172202K, committed 175052K, reserved 1202176K
  class space    used 20051K, capacity 22091K, committed 22476K, reserved 1048576K
}
Event: 17499.034 GC heap after
{Heap after GC invocations=390 (full 0):
 garbage-first heap   total 248832K, used 145087K [0x0000000080000000, 0x0000000100000000)
  region size 1024K, 5 young (5120K), 5 survivors (5120K)
 Metaspace       used 166700K, capacity 172202K, committed 175052K, reserved 1202176K
  class space    used 20051K, capacity 22091K, committed 22476K, reserved 1048576K
}
Event: 17499.370 GC heap before
{Heap before GC invocations=390 (full 0):
 garbage-first heap   total 248832K, used 152255K [0x0000000080000000, 0x0000000100000000)
  region size 1024K, 12 young (12288K), 5 survivors (5120K)
 Metaspace       used 166701K, capacity 172203K, committed 175052K, reserved 1202176K
  class space    used 20051K, capacity 22091K, committed 22476K, reserved 1048576K
}
Event: 17499.488 GC heap after
{Heap after GC invocations=391 (full 0):
 garbage-first heap   total 248832K, used 139347K [0x0000000080000000, 0x0000000100000000)
  region size 1024K, 2 young (2048K), 2 survivors (2048K)
 Metaspace       used 166701K, capacity 172203K, committed 175052K, reserved 1202176K
  class space    used 20051K, capacity 22091K, committed 22476K, reserved 1048576K
}
Event: 17499.687 GC heap before
{Heap before GC invocations=391 (full 0):
 garbage-first heap   total 248832K, used 145491K [0x0000000080000000, 0x0000000100000000)
  region size 1024K, 9 young (9216K), 2 survivors (2048K)
 Metaspace       used 166705K, capacity 172209K, committed 175052K, reserved 1202176K
  class space    used 20052K, capacity 22092K, committed 22476K, reserved 1048576K
}
Event: 17499.719 GC heap after
{Heap after GC invocations=392 (full 0):
 garbage-first heap   total 248832K, used 139284K [0x0000000080000000, 0x0000000100000000)
  region size 1024K, 2 young (2048K), 2 survivors (2048K)
 Metaspace       used 166705K, capacity 172209K, committed 175052K, reserved 1202176K
  class space    used 20052K, capacity 22092K, committed 22476K, reserved 1048576K
}
Event: 17501.992 GC heap before
{Heap before GC invocations=392 (full 0):
 garbage-first heap   total 248832K, used 202772K [0x0000000080000000, 0x0000000100000000)
  region size 1024K, 47 young (48128K), 2 survivors (2048K)
 Metaspace       used 166718K, capacity 172209K, committed 175052K, reserved 1202176K
  class space    used 20052K, capacity 22092K, committed 22476K, reserved 1048576K
}
Event: 17502.015 GC heap after
{Heap after GC invocations=393 (full 0):
 garbage-first heap   total 248832K, used 138336K [0x0000000080000000, 0x0000000100000000)
  region size 1024K, 2 young (2048K), 2 survivors (2048K)
 Metaspace       used 166718K, capacity 172209K, committed 175052K, reserved 1202176K
  class space    used 20052K, capacity 22092K, committed 22476K, reserved 1048576K
}
Event: 17507.296 GC heap before
{Heap before GC invocations=394 (full 0):
 garbage-first heap   total 248832K, used 187488K [0x0000000080000000, 0x0000000100000000)
  region size 1024K, 51 young (52224K), 2 survivors (2048K)
 Metaspace       used 166753K, capacity 172209K, committed 175052K, reserved 1202176K
  class space    used 20052K, capacity 22092K, committed 22476K, reserved 1048576K
}
Event: 17507.331 GC heap after
{Heap after GC invocations=395 (full 0):
 garbage-first heap   total 248832K, used 144235K [0x0000000080000000, 0x0000000100000000)
  region size 1024K, 7 young (7168K), 7 survivors (7168K)
 Metaspace       used 166753K, capacity 172209K, committed 175052K, reserved 1202176K
  class space    used 20052K, capacity 22092K, committed 22476K, reserved 1048576K
}
Event: 17507.346 GC heap before
{Heap before GC invocations=395 (full 0):
 garbage-first heap   total 248832K, used 149355K [0x0000000080000000, 0x0000000100000000)
  region size 1024K, 12 young (12288K), 7 survivors (7168K)
 Metaspace       used 166755K, capacity 172209K, committed 175052K, reserved 1202176K
  class space    used 20052K, capacity 22092K, committed 22476K, reserved 1048576K
}
Event: 17507.421 GC heap after
{Heap after GC invocations=396 (full 0):
 garbage-first heap   total 248832K, used 138637K [0x0000000080000000, 0x0000000100000000)
  region size 1024K, 1 young (1024K), 1 survivors (1024K)
 Metaspace       used 166755K, capacity 172209K, committed 175052K, reserved 1202176K
  class space    used 20052K, capacity 22092K, committed 22476K, reserved 1048576K
}
Event: 17516.812 GC heap before
{Heap before GC invocations=396 (full 0):
 garbage-first heap   total 248832K, used 188813K [0x0000000080000000, 0x0000000100000000)
  region size 1024K, 51 young (52224K), 1 survivors (1024K)
 Metaspace       used 167192K, capacity 172855K, committed 175052K, reserved 1202176K
  class space    used 20116K, capacity 22212K, committed 22476K, reserved 1048576K
}
Event: 17516.861 GC heap after
{Heap after GC invocations=397 (full 0):
 garbage-first heap   total 248832K, used 138957K [0x0000000080000000, 0x0000000100000000)
  region size 1024K, 2 young (2048K), 2 survivors (2048K)
 Metaspace       used 167192K, capacity 172855K, committed 175052K, reserved 1202176K
  class space    used 20116K, capacity 22212K, committed 22476K, reserved 1048576K
}

